<?xml version="1.0" encoding="UTF-8"?>
<testsuite xmlns:xsi="http://www.w3.org/2001/XMLSchema-instance" xsi:noNamespaceSchemaLocation="https://maven.apache.org/surefire/maven-surefire-plugin/xsd/surefire-test-report-3.0.xsd" version="3.0" name="com.leonardo.cache.service.UnitTestParallelizationTest" time="8.098" tests="3" errors="0" skipped="0" failures="0">
  <properties>
    <property name="java.specification.version" value="21"/>
    <property name="sun.jnu.encoding" value="UTF-8"/>
    <property name="java.class.path" value="/home/leonardo/Projetos/leonardo/cache-service-21/target/test-classes:/home/leonardo/Projetos/leonardo/cache-service-21/target/classes:/home/leonardo/.m2/repository/org/springframework/boot/spring-boot-starter-test/3.2.8/spring-boot-starter-test-3.2.8.jar:/home/leonardo/.m2/repository/org/springframework/boot/spring-boot-starter/3.2.8/spring-boot-starter-3.2.8.jar:/home/leonardo/.m2/repository/org/springframework/boot/spring-boot/3.2.8/spring-boot-3.2.8.jar:/home/leonardo/.m2/repository/org/springframework/boot/spring-boot-autoconfigure/3.2.8/spring-boot-autoconfigure-3.2.8.jar:/home/leonardo/.m2/repository/org/springframework/boot/spring-boot-starter-logging/3.2.8/spring-boot-starter-logging-3.2.8.jar:/home/leonardo/.m2/repository/ch/qos/logback/logback-classic/1.4.14/logback-classic-1.4.14.jar:/home/leonardo/.m2/repository/ch/qos/logback/logback-core/1.4.14/logback-core-1.4.14.jar:/home/leonardo/.m2/repository/org/apache/logging/log4j/log4j-to-slf4j/2.21.1/log4j-to-slf4j-2.21.1.jar:/home/leonardo/.m2/repository/org/apache/logging/log4j/log4j-api/2.21.1/log4j-api-2.21.1.jar:/home/leonardo/.m2/repository/org/slf4j/jul-to-slf4j/2.0.13/jul-to-slf4j-2.0.13.jar:/home/leonardo/.m2/repository/jakarta/annotation/jakarta.annotation-api/2.1.1/jakarta.annotation-api-2.1.1.jar:/home/leonardo/.m2/repository/org/yaml/snakeyaml/2.2/snakeyaml-2.2.jar:/home/leonardo/.m2/repository/org/springframework/boot/spring-boot-test/3.2.8/spring-boot-test-3.2.8.jar:/home/leonardo/.m2/repository/org/springframework/boot/spring-boot-test-autoconfigure/3.2.8/spring-boot-test-autoconfigure-3.2.8.jar:/home/leonardo/.m2/repository/com/jayway/jsonpath/json-path/2.9.0/json-path-2.9.0.jar:/home/leonardo/.m2/repository/org/slf4j/slf4j-api/2.0.13/slf4j-api-2.0.13.jar:/home/leonardo/.m2/repository/jakarta/xml/bind/jakarta.xml.bind-api/4.0.2/jakarta.xml.bind-api-4.0.2.jar:/home/leonardo/.m2/repository/jakarta/activation/jakarta.activation-api/2.1.3/jakarta.activation-api-2.1.3.jar:/home/leonardo/.m2/repository/net/minidev/json-smart/2.5.1/json-smart-2.5.1.jar:/home/leonardo/.m2/repository/net/minidev/accessors-smart/2.5.1/accessors-smart-2.5.1.jar:/home/leonardo/.m2/repository/org/ow2/asm/asm/9.6/asm-9.6.jar:/home/leonardo/.m2/repository/org/assertj/assertj-core/3.24.2/assertj-core-3.24.2.jar:/home/leonardo/.m2/repository/net/bytebuddy/byte-buddy/1.14.18/byte-buddy-1.14.18.jar:/home/leonardo/.m2/repository/org/awaitility/awaitility/4.2.1/awaitility-4.2.1.jar:/home/leonardo/.m2/repository/org/hamcrest/hamcrest/2.2/hamcrest-2.2.jar:/home/leonardo/.m2/repository/org/junit/jupiter/junit-jupiter/5.10.3/junit-jupiter-5.10.3.jar:/home/leonardo/.m2/repository/org/junit/jupiter/junit-jupiter-api/5.10.3/junit-jupiter-api-5.10.3.jar:/home/leonardo/.m2/repository/org/opentest4j/opentest4j/1.3.0/opentest4j-1.3.0.jar:/home/leonardo/.m2/repository/org/junit/platform/junit-platform-commons/1.10.3/junit-platform-commons-1.10.3.jar:/home/leonardo/.m2/repository/org/apiguardian/apiguardian-api/1.1.2/apiguardian-api-1.1.2.jar:/home/leonardo/.m2/repository/org/junit/jupiter/junit-jupiter-params/5.10.3/junit-jupiter-params-5.10.3.jar:/home/leonardo/.m2/repository/org/junit/jupiter/junit-jupiter-engine/5.10.3/junit-jupiter-engine-5.10.3.jar:/home/leonardo/.m2/repository/org/junit/platform/junit-platform-engine/1.10.3/junit-platform-engine-1.10.3.jar:/home/leonardo/.m2/repository/org/mockito/mockito-core/5.7.0/mockito-core-5.7.0.jar:/home/leonardo/.m2/repository/net/bytebuddy/byte-buddy-agent/1.14.18/byte-buddy-agent-1.14.18.jar:/home/leonardo/.m2/repository/org/objenesis/objenesis/3.3/objenesis-3.3.jar:/home/leonardo/.m2/repository/org/mockito/mockito-junit-jupiter/5.7.0/mockito-junit-jupiter-5.7.0.jar:/home/leonardo/.m2/repository/org/skyscreamer/jsonassert/1.5.3/jsonassert-1.5.3.jar:/home/leonardo/.m2/repository/com/vaadin/external/google/android-json/0.0.20131108.vaadin1/android-json-0.0.20131108.vaadin1.jar:/home/leonardo/.m2/repository/org/springframework/spring-core/6.1.11/spring-core-6.1.11.jar:/home/leonardo/.m2/repository/org/springframework/spring-jcl/6.1.11/spring-jcl-6.1.11.jar:/home/leonardo/.m2/repository/org/springframework/spring-test/6.1.11/spring-test-6.1.11.jar:/home/leonardo/.m2/repository/org/xmlunit/xmlunit-core/2.9.1/xmlunit-core-2.9.1.jar:/home/leonardo/.m2/repository/org/springframework/boot/spring-boot-starter-cache/3.2.8/spring-boot-starter-cache-3.2.8.jar:/home/leonardo/.m2/repository/org/springframework/spring-context-support/6.1.11/spring-context-support-6.1.11.jar:/home/leonardo/.m2/repository/org/springframework/spring-beans/6.1.11/spring-beans-6.1.11.jar:/home/leonardo/.m2/repository/org/springframework/spring-context/6.1.11/spring-context-6.1.11.jar:/home/leonardo/.m2/repository/org/springframework/spring-expression/6.1.11/spring-expression-6.1.11.jar:/home/leonardo/.m2/repository/io/micrometer/micrometer-observation/1.12.8/micrometer-observation-1.12.8.jar:/home/leonardo/.m2/repository/io/micrometer/micrometer-commons/1.12.8/micrometer-commons-1.12.8.jar:/home/leonardo/.m2/repository/org/springframework/boot/spring-boot-starter-data-redis/3.2.8/spring-boot-starter-data-redis-3.2.8.jar:/home/leonardo/.m2/repository/io/lettuce/lettuce-core/6.3.2.RELEASE/lettuce-core-6.3.2.RELEASE.jar:/home/leonardo/.m2/repository/io/netty/netty-common/4.1.111.Final/netty-common-4.1.111.Final.jar:/home/leonardo/.m2/repository/io/netty/netty-handler/4.1.111.Final/netty-handler-4.1.111.Final.jar:/home/leonardo/.m2/repository/io/netty/netty-resolver/4.1.111.Final/netty-resolver-4.1.111.Final.jar:/home/leonardo/.m2/repository/io/netty/netty-buffer/4.1.111.Final/netty-buffer-4.1.111.Final.jar:/home/leonardo/.m2/repository/io/netty/netty-transport-native-unix-common/4.1.111.Final/netty-transport-native-unix-common-4.1.111.Final.jar:/home/leonardo/.m2/repository/io/netty/netty-codec/4.1.111.Final/netty-codec-4.1.111.Final.jar:/home/leonardo/.m2/repository/io/netty/netty-transport/4.1.111.Final/netty-transport-4.1.111.Final.jar:/home/leonardo/.m2/repository/io/projectreactor/reactor-core/3.6.8/reactor-core-3.6.8.jar:/home/leonardo/.m2/repository/org/reactivestreams/reactive-streams/1.0.4/reactive-streams-1.0.4.jar:/home/leonardo/.m2/repository/org/springframework/data/spring-data-redis/3.2.8/spring-data-redis-3.2.8.jar:/home/leonardo/.m2/repository/org/springframework/data/spring-data-keyvalue/3.2.8/spring-data-keyvalue-3.2.8.jar:/home/leonardo/.m2/repository/org/springframework/data/spring-data-commons/3.2.8/spring-data-commons-3.2.8.jar:/home/leonardo/.m2/repository/org/springframework/spring-tx/6.1.11/spring-tx-6.1.11.jar:/home/leonardo/.m2/repository/org/springframework/spring-oxm/6.1.11/spring-oxm-6.1.11.jar:/home/leonardo/.m2/repository/com/google/code/simple-spring-memcached/spring-cache/4.1.3/spring-cache-4.1.3.jar:/home/leonardo/.m2/repository/com/google/code/simple-spring-memcached/simple-spring-memcached/4.1.3/simple-spring-memcached-4.1.3.jar:/home/leonardo/.m2/repository/com/fasterxml/jackson/core/jackson-databind/2.15.4/jackson-databind-2.15.4.jar:/home/leonardo/.m2/repository/com/fasterxml/jackson/core/jackson-annotations/2.15.4/jackson-annotations-2.15.4.jar:/home/leonardo/.m2/repository/com/fasterxml/jackson/core/jackson-core/2.15.4/jackson-core-2.15.4.jar:/home/leonardo/.m2/repository/com/google/code/simple-spring-memcached/xmemcached-provider/4.1.3/xmemcached-provider-4.1.3.jar:/home/leonardo/.m2/repository/com/googlecode/xmemcached/xmemcached/2.4.6/xmemcached-2.4.6.jar:/home/leonardo/.m2/repository/com/github/ben-manes/caffeine/caffeine/3.1.8/caffeine-3.1.8.jar:/home/leonardo/.m2/repository/org/checkerframework/checker-qual/3.37.0/checker-qual-3.37.0.jar:/home/leonardo/.m2/repository/com/google/errorprone/error_prone_annotations/2.21.1/error_prone_annotations-2.21.1.jar:/home/leonardo/.m2/repository/org/springframework/boot/spring-boot-starter-aop/3.2.8/spring-boot-starter-aop-3.2.8.jar:/home/leonardo/.m2/repository/org/springframework/spring-aop/6.1.11/spring-aop-6.1.11.jar:/home/leonardo/.m2/repository/org/aspectj/aspectjweaver/1.9.22.1/aspectjweaver-1.9.22.1.jar:/home/leonardo/.m2/repository/org/projectlombok/lombok/1.18.32/lombok-1.18.32.jar:"/>
    <property name="java.vm.vendor" value="Azul Systems, Inc."/>
    <property name="sun.arch.data.model" value="64"/>
    <property name="java.vendor.url" value="http://www.azul.com/"/>
    <property name="os.name" value="Linux"/>
    <property name="java.vm.specification.version" value="21"/>
    <property name="sun.java.launcher" value="SUN_STANDARD"/>
    <property name="user.country" value="BR"/>
    <property name="sun.boot.library.path" value="/home/leonardo/.sdkman/candidates/java/21.0.1-zulu/lib"/>
    <property name="sun.java.command" value="/home/leonardo/Projetos/leonardo/cache-service-21/target/surefire/surefirebooter-20240802195649546_3.jar /home/leonardo/Projetos/leonardo/cache-service-21/target/surefire 2024-08-02T19-56-49_408-jvmRun1 surefire-20240802195649546_1tmp surefire_0-20240802195649546_2tmp"/>
    <property name="jdk.debug" value="release"/>
    <property name="surefire.test.class.path" value="/home/leonardo/Projetos/leonardo/cache-service-21/target/test-classes:/home/leonardo/Projetos/leonardo/cache-service-21/target/classes:/home/leonardo/.m2/repository/org/springframework/boot/spring-boot-starter-test/3.2.8/spring-boot-starter-test-3.2.8.jar:/home/leonardo/.m2/repository/org/springframework/boot/spring-boot-starter/3.2.8/spring-boot-starter-3.2.8.jar:/home/leonardo/.m2/repository/org/springframework/boot/spring-boot/3.2.8/spring-boot-3.2.8.jar:/home/leonardo/.m2/repository/org/springframework/boot/spring-boot-autoconfigure/3.2.8/spring-boot-autoconfigure-3.2.8.jar:/home/leonardo/.m2/repository/org/springframework/boot/spring-boot-starter-logging/3.2.8/spring-boot-starter-logging-3.2.8.jar:/home/leonardo/.m2/repository/ch/qos/logback/logback-classic/1.4.14/logback-classic-1.4.14.jar:/home/leonardo/.m2/repository/ch/qos/logback/logback-core/1.4.14/logback-core-1.4.14.jar:/home/leonardo/.m2/repository/org/apache/logging/log4j/log4j-to-slf4j/2.21.1/log4j-to-slf4j-2.21.1.jar:/home/leonardo/.m2/repository/org/apache/logging/log4j/log4j-api/2.21.1/log4j-api-2.21.1.jar:/home/leonardo/.m2/repository/org/slf4j/jul-to-slf4j/2.0.13/jul-to-slf4j-2.0.13.jar:/home/leonardo/.m2/repository/jakarta/annotation/jakarta.annotation-api/2.1.1/jakarta.annotation-api-2.1.1.jar:/home/leonardo/.m2/repository/org/yaml/snakeyaml/2.2/snakeyaml-2.2.jar:/home/leonardo/.m2/repository/org/springframework/boot/spring-boot-test/3.2.8/spring-boot-test-3.2.8.jar:/home/leonardo/.m2/repository/org/springframework/boot/spring-boot-test-autoconfigure/3.2.8/spring-boot-test-autoconfigure-3.2.8.jar:/home/leonardo/.m2/repository/com/jayway/jsonpath/json-path/2.9.0/json-path-2.9.0.jar:/home/leonardo/.m2/repository/org/slf4j/slf4j-api/2.0.13/slf4j-api-2.0.13.jar:/home/leonardo/.m2/repository/jakarta/xml/bind/jakarta.xml.bind-api/4.0.2/jakarta.xml.bind-api-4.0.2.jar:/home/leonardo/.m2/repository/jakarta/activation/jakarta.activation-api/2.1.3/jakarta.activation-api-2.1.3.jar:/home/leonardo/.m2/repository/net/minidev/json-smart/2.5.1/json-smart-2.5.1.jar:/home/leonardo/.m2/repository/net/minidev/accessors-smart/2.5.1/accessors-smart-2.5.1.jar:/home/leonardo/.m2/repository/org/ow2/asm/asm/9.6/asm-9.6.jar:/home/leonardo/.m2/repository/org/assertj/assertj-core/3.24.2/assertj-core-3.24.2.jar:/home/leonardo/.m2/repository/net/bytebuddy/byte-buddy/1.14.18/byte-buddy-1.14.18.jar:/home/leonardo/.m2/repository/org/awaitility/awaitility/4.2.1/awaitility-4.2.1.jar:/home/leonardo/.m2/repository/org/hamcrest/hamcrest/2.2/hamcrest-2.2.jar:/home/leonardo/.m2/repository/org/junit/jupiter/junit-jupiter/5.10.3/junit-jupiter-5.10.3.jar:/home/leonardo/.m2/repository/org/junit/jupiter/junit-jupiter-api/5.10.3/junit-jupiter-api-5.10.3.jar:/home/leonardo/.m2/repository/org/opentest4j/opentest4j/1.3.0/opentest4j-1.3.0.jar:/home/leonardo/.m2/repository/org/junit/platform/junit-platform-commons/1.10.3/junit-platform-commons-1.10.3.jar:/home/leonardo/.m2/repository/org/apiguardian/apiguardian-api/1.1.2/apiguardian-api-1.1.2.jar:/home/leonardo/.m2/repository/org/junit/jupiter/junit-jupiter-params/5.10.3/junit-jupiter-params-5.10.3.jar:/home/leonardo/.m2/repository/org/junit/jupiter/junit-jupiter-engine/5.10.3/junit-jupiter-engine-5.10.3.jar:/home/leonardo/.m2/repository/org/junit/platform/junit-platform-engine/1.10.3/junit-platform-engine-1.10.3.jar:/home/leonardo/.m2/repository/org/mockito/mockito-core/5.7.0/mockito-core-5.7.0.jar:/home/leonardo/.m2/repository/net/bytebuddy/byte-buddy-agent/1.14.18/byte-buddy-agent-1.14.18.jar:/home/leonardo/.m2/repository/org/objenesis/objenesis/3.3/objenesis-3.3.jar:/home/leonardo/.m2/repository/org/mockito/mockito-junit-jupiter/5.7.0/mockito-junit-jupiter-5.7.0.jar:/home/leonardo/.m2/repository/org/skyscreamer/jsonassert/1.5.3/jsonassert-1.5.3.jar:/home/leonardo/.m2/repository/com/vaadin/external/google/android-json/0.0.20131108.vaadin1/android-json-0.0.20131108.vaadin1.jar:/home/leonardo/.m2/repository/org/springframework/spring-core/6.1.11/spring-core-6.1.11.jar:/home/leonardo/.m2/repository/org/springframework/spring-jcl/6.1.11/spring-jcl-6.1.11.jar:/home/leonardo/.m2/repository/org/springframework/spring-test/6.1.11/spring-test-6.1.11.jar:/home/leonardo/.m2/repository/org/xmlunit/xmlunit-core/2.9.1/xmlunit-core-2.9.1.jar:/home/leonardo/.m2/repository/org/springframework/boot/spring-boot-starter-cache/3.2.8/spring-boot-starter-cache-3.2.8.jar:/home/leonardo/.m2/repository/org/springframework/spring-context-support/6.1.11/spring-context-support-6.1.11.jar:/home/leonardo/.m2/repository/org/springframework/spring-beans/6.1.11/spring-beans-6.1.11.jar:/home/leonardo/.m2/repository/org/springframework/spring-context/6.1.11/spring-context-6.1.11.jar:/home/leonardo/.m2/repository/org/springframework/spring-expression/6.1.11/spring-expression-6.1.11.jar:/home/leonardo/.m2/repository/io/micrometer/micrometer-observation/1.12.8/micrometer-observation-1.12.8.jar:/home/leonardo/.m2/repository/io/micrometer/micrometer-commons/1.12.8/micrometer-commons-1.12.8.jar:/home/leonardo/.m2/repository/org/springframework/boot/spring-boot-starter-data-redis/3.2.8/spring-boot-starter-data-redis-3.2.8.jar:/home/leonardo/.m2/repository/io/lettuce/lettuce-core/6.3.2.RELEASE/lettuce-core-6.3.2.RELEASE.jar:/home/leonardo/.m2/repository/io/netty/netty-common/4.1.111.Final/netty-common-4.1.111.Final.jar:/home/leonardo/.m2/repository/io/netty/netty-handler/4.1.111.Final/netty-handler-4.1.111.Final.jar:/home/leonardo/.m2/repository/io/netty/netty-resolver/4.1.111.Final/netty-resolver-4.1.111.Final.jar:/home/leonardo/.m2/repository/io/netty/netty-buffer/4.1.111.Final/netty-buffer-4.1.111.Final.jar:/home/leonardo/.m2/repository/io/netty/netty-transport-native-unix-common/4.1.111.Final/netty-transport-native-unix-common-4.1.111.Final.jar:/home/leonardo/.m2/repository/io/netty/netty-codec/4.1.111.Final/netty-codec-4.1.111.Final.jar:/home/leonardo/.m2/repository/io/netty/netty-transport/4.1.111.Final/netty-transport-4.1.111.Final.jar:/home/leonardo/.m2/repository/io/projectreactor/reactor-core/3.6.8/reactor-core-3.6.8.jar:/home/leonardo/.m2/repository/org/reactivestreams/reactive-streams/1.0.4/reactive-streams-1.0.4.jar:/home/leonardo/.m2/repository/org/springframework/data/spring-data-redis/3.2.8/spring-data-redis-3.2.8.jar:/home/leonardo/.m2/repository/org/springframework/data/spring-data-keyvalue/3.2.8/spring-data-keyvalue-3.2.8.jar:/home/leonardo/.m2/repository/org/springframework/data/spring-data-commons/3.2.8/spring-data-commons-3.2.8.jar:/home/leonardo/.m2/repository/org/springframework/spring-tx/6.1.11/spring-tx-6.1.11.jar:/home/leonardo/.m2/repository/org/springframework/spring-oxm/6.1.11/spring-oxm-6.1.11.jar:/home/leonardo/.m2/repository/com/google/code/simple-spring-memcached/spring-cache/4.1.3/spring-cache-4.1.3.jar:/home/leonardo/.m2/repository/com/google/code/simple-spring-memcached/simple-spring-memcached/4.1.3/simple-spring-memcached-4.1.3.jar:/home/leonardo/.m2/repository/com/fasterxml/jackson/core/jackson-databind/2.15.4/jackson-databind-2.15.4.jar:/home/leonardo/.m2/repository/com/fasterxml/jackson/core/jackson-annotations/2.15.4/jackson-annotations-2.15.4.jar:/home/leonardo/.m2/repository/com/fasterxml/jackson/core/jackson-core/2.15.4/jackson-core-2.15.4.jar:/home/leonardo/.m2/repository/com/google/code/simple-spring-memcached/xmemcached-provider/4.1.3/xmemcached-provider-4.1.3.jar:/home/leonardo/.m2/repository/com/googlecode/xmemcached/xmemcached/2.4.6/xmemcached-2.4.6.jar:/home/leonardo/.m2/repository/com/github/ben-manes/caffeine/caffeine/3.1.8/caffeine-3.1.8.jar:/home/leonardo/.m2/repository/org/checkerframework/checker-qual/3.37.0/checker-qual-3.37.0.jar:/home/leonardo/.m2/repository/com/google/errorprone/error_prone_annotations/2.21.1/error_prone_annotations-2.21.1.jar:/home/leonardo/.m2/repository/org/springframework/boot/spring-boot-starter-aop/3.2.8/spring-boot-starter-aop-3.2.8.jar:/home/leonardo/.m2/repository/org/springframework/spring-aop/6.1.11/spring-aop-6.1.11.jar:/home/leonardo/.m2/repository/org/aspectj/aspectjweaver/1.9.22.1/aspectjweaver-1.9.22.1.jar:/home/leonardo/.m2/repository/org/projectlombok/lombok/1.18.32/lombok-1.18.32.jar:"/>
    <property name="sun.cpu.endian" value="little"/>
    <property name="user.home" value="/home/leonardo"/>
    <property name="user.language" value="pt"/>
    <property name="java.specification.vendor" value="Oracle Corporation"/>
    <property name="java.version.date" value="2023-10-17"/>
    <property name="java.home" value="/home/leonardo/.sdkman/candidates/java/21.0.1-zulu"/>
    <property name="file.separator" value="/"/>
    <property name="basedir" value="/home/leonardo/Projetos/leonardo/cache-service-21"/>
    <property name="java.vm.compressedOopsMode" value="Zero based"/>
    <property name="line.separator" value="&#10;"/>
    <property name="java.specification.name" value="Java Platform API Specification"/>
    <property name="java.vm.specification.vendor" value="Oracle Corporation"/>
    <property name="surefire.real.class.path" value="/home/leonardo/Projetos/leonardo/cache-service-21/target/surefire/surefirebooter-20240802195649546_3.jar"/>
    <property name="sun.management.compiler" value="HotSpot 64-Bit Tiered Compilers"/>
    <property name="java.runtime.version" value="21.0.1+12-LTS"/>
    <property name="user.name" value="leonardo"/>
    <property name="stdout.encoding" value="UTF-8"/>
    <property name="path.separator" value=":"/>
    <property name="os.version" value="6.5.0-45-generic"/>
    <property name="java.runtime.name" value="OpenJDK Runtime Environment"/>
    <property name="file.encoding" value="UTF-8"/>
    <property name="java.vm.name" value="OpenJDK 64-Bit Server VM"/>
    <property name="java.vendor.version" value="Zulu21.30+15-CA"/>
    <property name="localRepository" value="/home/leonardo/.m2/repository"/>
    <property name="java.vendor.url.bug" value="http://www.azul.com/support/"/>
    <property name="java.io.tmpdir" value="/tmp"/>
    <property name="idea.version" value="2024.1.4"/>
    <property name="java.version" value="21.0.1"/>
    <property name="user.dir" value="/home/leonardo/Projetos/leonardo/cache-service-21"/>
    <property name="os.arch" value="amd64"/>
    <property name="java.vm.specification.name" value="Java Virtual Machine Specification"/>
    <property name="native.encoding" value="UTF-8"/>
    <property name="java.library.path" value="/usr/java/packages/lib:/usr/lib64:/lib64:/lib:/usr/lib"/>
    <property name="java.vm.info" value="mixed mode, sharing"/>
    <property name="stderr.encoding" value="UTF-8"/>
    <property name="java.vendor" value="Azul Systems, Inc."/>
    <property name="java.vm.version" value="21.0.1+12-LTS"/>
    <property name="sun.io.unicode.encoding" value="UnicodeLittle"/>
    <property name="java.class.version" value="65.0"/>
  </properties>
  <testcase name="test_1" classname="com.leonardo.cache.service.UnitTestParallelizationTest" time="3.047">
    <system-out><![CDATA[Started Started test_1 ,Thread: main
Finished Started test_1 ,Thread: main
]]></system-out>
  </testcase>
  <testcase name="test_2" classname="com.leonardo.cache.service.UnitTestParallelizationTest" time="2.003">
    <system-out><![CDATA[Started Started test_2 ,Thread: main
Finished Started test_2 ,Thread: main
]]></system-out>
  </testcase>
  <testcase name="test_3" classname="com.leonardo.cache.service.UnitTestParallelizationTest" time="3.005">
    <system-out><![CDATA[Started Started test_3 ,Thread: main
Finished Started test_3 ,Thread: main
]]></system-out>
  </testcase>
</testsuite>